[2026-06-22 04:10:19] local.ERROR: Class "EnrollmentController" does not exist {"exception":"[object] (ReflectionException(code: -1): Class \"EnrollmentController\" does not exist at /home/tatsuya/Projects/AMIS/amis_payment/vendor/laravel/framework/src/Illuminate/Foundation/Console/RouteListCommand.php:255)
[stacktrace]
#0 /home/tatsuya/Projects/AMIS/amis_payment/vendor/laravel/framework/src/Illuminate/Foundation/Console/RouteListCommand.php(255): ReflectionClass->__construct()
#1 /home/tatsuya/Projects/AMIS/amis_payment/vendor/laravel/framework/src/Illuminate/Foundation/Console/RouteListCommand.php(150): Illuminate\\Foundation\\Console\\RouteListCommand->isVendorRoute()
#2 /home/tatsuya/Projects/AMIS/amis_payment/vendor/laravel/framework/src/Illuminate/Foundation/Console/RouteListCommand.php(117): Illuminate\\Foundation\\Console\\RouteListCommand->getRouteInformation()
#3 [internal function]: Illuminate\\Foundation\\Console\\RouteListCommand->{closure:Illuminate\\Foundation\\Console\\RouteListCommand::getRoutes():117}()
#4 /home/tatsuya/Projects/AMIS/amis_payment/vendor/laravel/framework/src/Illuminate/Collections/Arr.php(841): array_map()
#5 /home/tatsuya/Projects/AMIS/amis_payment/vendor/laravel/framework/src/Illuminate/Collections/Collection.php(829): Illuminate\\Support\\Arr::map()
#6 /home/tatsuya/Projects/AMIS/amis_payment/vendor/laravel/framework/src/Illuminate/Foundation/Console/RouteListCommand.php(117): Illuminate\\Support\\Collection->map()
#7 /home/tatsuya/Projects/AMIS/amis_payment/vendor/laravel/framework/src/Illuminate/Foundation/Console/RouteListCommand.php(102): Illuminate\\Foundation\\Console\\RouteListCommand->getRoutes()
#8 /home/tatsuya/Projects/AMIS/amis_payment/vendor/laravel/framework/src/Illuminate/Container/BoundMethod.php(36): Illuminate\\Foundation\\Console\\RouteListCommand->handle()
#9 /home/tatsuya/Projects/AMIS/amis_payment/vendor/laravel/framework/src/Illuminate/Container/Util.php(43): Illuminate\\Container\\BoundMethod::{closure:Illuminate\\Container\\BoundMethod::call():35}()
#10 /home/tatsuya/Projects/AMIS/amis_payment/vendor/laravel/framework/src/Illuminate/Container/BoundMethod.php(96): Illuminate\\Container\\Util::unwrapIfClosure()
#11 /home/tatsuya/Projects/AMIS/amis_payment/vendor/laravel/framework/src/Illuminate/Container/BoundMethod.php(35): Illuminate\\Container\\BoundMethod::callBoundMethod()
#12 /home/tatsuya/Projects/AMIS/amis_payment/vendor/laravel/framework/src/Illuminate/Container/Container.php(799): Illuminate\\Container\\BoundMethod::call()
#13 /home/tatsuya/Projects/AMIS/amis_payment/vendor/laravel/framework/src/Illuminate/Console/Command.php(211): Illuminate\\Container\\Container->call()
#14 /home/tatsuya/Projects/AMIS/amis_payment/vendor/symfony/console/Command/Command.php(341): Illuminate\\Console\\Command->execute()
#15 /home/tatsuya/Projects/AMIS/amis_payment/vendor/laravel/framework/src/Illuminate/Console/Command.php(180): Symfony\\Component\\Console\\Command\\Command->run()
#16 /home/tatsuya/Projects/AMIS/amis_payment/vendor/symfony/console/Application.php(1117): Illuminate\\Console\\Command->run()
#17 /home/tatsuya/Projects/AMIS/amis_payment/vendor/symfony/console/Application.php(356): Symfony\\Component\\Console\\Application->doRunCommand()
#18 /home/tatsuya/Projects/AMIS/amis_payment/vendor/symfony/console/Application.php(195): Symfony\\Component\\Console\\Application->doRun()
#19 /home/tatsuya/Projects/AMIS/amis_payment/vendor/laravel/framework/src/Illuminate/Foundation/Console/Kernel.php(198): Symfony\\Component\\Console\\Application->run()
#20 /home/tatsuya/Projects/AMIS/amis_payment/vendor/laravel/framework/src/Illuminate/Foundation/Application.php(1235): Illuminate\\Foundation\\Console\\Kernel->handle()
#21 /home/tatsuya/Projects/AMIS/amis_payment/artisan(16): Illuminate\\Foundation\\Application->handleCommand()
#22 {main}
"} 
[2026-06-27 02:28:49] local.ERROR: GD extension is not installed. {"userId":16,"exception":"[object] (LogicException(code: 0): GD extension is not installed. at /home/tatsuya/Projects/AMIS/amis_payment/vendor/laravel/framework/src/Illuminate/Http/Testing/FileFactory.php:77)
[stacktrace]
#0 /home/tatsuya/Projects/AMIS/amis_payment/vendor/laravel/framework/src/Illuminate/Http/Testing/FileFactory.php(59): Illuminate\\Http\\Testing\\FileFactory->generateImage()
#1 /home/tatsuya/Projects/AMIS/amis_payment/scratch/test_payment_submission.php(27): Illuminate\\Http\\Testing\\FileFactory->image()
#2 {main}
"} 
